<?xml version="1.0" encoding="UTF-8"?>
<!-- Generated by org.testng.reporters.JUnitXMLReporter -->
<testsuite hostname="DESKTOP-35IMPH5" ignored="0" name="Default test" tests="4" failures="0" timestamp="2022-04-19T17:37:04 EDT" time="12.4" errors="0">
  <testcase name="logIn" time="2.375" classname="orangeHrmPom.TestingLogIn"/>
  <testcase name="checkInfo" time="1.236" classname="orangeHrmPom.TestingLogIn"/>
  <testcase name="adminpage" time="1.146" classname="orangeHrmPom.TestingLogIn"/>
  <testcase name="logOut" time="0.793" classname="orangeHrmPom.TestingLogIn"/>
</testsuite> <!-- Default test -->
