<?xml version="1.0" encoding="UTF-8"?>
<!-- Generated by org.testng.reporters.JUnitXMLReporter -->
<testsuite hostname="DESKTOP-35IMPH5" ignored="0" name="Default test" tests="3" failures="0" timestamp="2022-04-19T17:04:18 EDT" time="12.803" errors="0">
  <testcase name="logIn" time="2.668" classname="orangeHrmPom.TestingLogIn"/>
  <testcase name="checkInfo" time="1.508" classname="orangeHrmPom.TestingLogIn"/>
  <testcase name="logOut" time="0.85" classname="orangeHrmPom.TestingLogIn"/>
</testsuite> <!-- Default test -->
