<?xml version="1.0" encoding="UTF-8"?>
<!-- Generated by org.testng.reporters.JUnitXMLReporter -->
<testsuite hostname="DESKTOP-35IMPH5" ignored="0" name="Chrome" tests="4" failures="0" timestamp="2022-04-21T15:10:11 EDT" time="19.283" errors="0">
  <testcase name="logIn" time="4.001" classname="orangeHrmPom.TestingLogIn"/>
  <testcase name="checkInfo" time="2.408" classname="orangeHrmPom.TestingLogIn"/>
  <testcase name="adminpage" time="3.181" classname="orangeHrmPom.TestingLogIn"/>
  <testcase name="logOut" time="1.104" classname="orangeHrmPom.TestingLogIn"/>
</testsuite> <!-- Chrome -->
