<?xml version="1.0" encoding="UTF-8"?>
<!-- Generated by org.testng.reporters.JUnitXMLReporter -->
<testsuite hostname="DESKTOP-35IMPH5" ignored="0" name="Chrome" tests="4" failures="0" timestamp="2022-04-20T15:31:25 EDT" time="16.14" errors="0">
  <testcase name="logIn" time="3.075" classname="orangeHrmPom.TestingLogIn"/>
  <testcase name="checkInfo" time="2.643" classname="orangeHrmPom.TestingLogIn"/>
  <testcase name="adminpage" time="1.726" classname="orangeHrmPom.TestingLogIn"/>
  <testcase name="logOut" time="1.006" classname="orangeHrmPom.TestingLogIn"/>
</testsuite> <!-- Chrome -->
