<?xml version="1.0" encoding="UTF-8"?>
<!-- Generated by org.testng.reporters.JUnitXMLReporter -->
<testsuite hostname="DESKTOP-35IMPH5" ignored="0" name="Firefox" tests="4" failures="0" timestamp="2022-04-20T16:02:25 EDT" time="22.286" errors="0">
  <testcase name="logIn" time="2.566" classname="orangeHrmPom.TestingLogIn"/>
  <testcase name="checkInfo" time="1.034" classname="orangeHrmPom.TestingLogIn"/>
  <testcase name="adminpage" time="1.283" classname="orangeHrmPom.TestingLogIn"/>
  <testcase name="logOut" time="1.529" classname="orangeHrmPom.TestingLogIn"/>
</testsuite> <!-- Firefox -->
