<?xml version="1.0" encoding="UTF-8"?>
<!-- Generated by org.testng.reporters.JUnitXMLReporter -->
<testsuite hostname="DESKTOP-35IMPH5" ignored="0" name="Firefox" tests="4" failures="0" timestamp="2022-04-21T15:39:54 EDT" time="22.78" errors="0">
  <testcase name="logIn" time="2.532" classname="orangeHrmPom.TestingLogIn"/>
  <testcase name="checkInfo" time="0.984" classname="orangeHrmPom.TestingLogIn"/>
  <testcase name="adminpage" time="1.129" classname="orangeHrmPom.TestingLogIn"/>
  <testcase name="logOut" time="0.848" classname="orangeHrmPom.TestingLogIn"/>
</testsuite> <!-- Firefox -->
